<?xml version="1.0" encoding="utf-8"?><testsuites name="pytest tests"><testsuite name="pytest" errors="0" failures="1" skipped="0" tests="13" time="4.597" timestamp="2026-05-05T02:20:08.121704+00:00" hostname="agent-env-485f80a6-5fcf-4feb-9c51-6a81c3671a53"><testcase classname="backend.tests.test_jwt_auth.TestJWTLoginSeeded" name="test_pm_login_success" time="0.410" /><testcase classname="backend.tests.test_jwt_auth.TestJWTLoginSeeded" name="test_user_login_success" time="0.334" /><testcase classname="backend.tests.test_jwt_auth.TestJWTLoginSeeded" name="test_login_wrong_password" time="0.354" /><testcase classname="backend.tests.test_jwt_auth.TestJWTRegister" name="test_register_new_user" time="0.277" /><testcase classname="backend.tests.test_jwt_auth.TestJWTRegister" name="test_register_short_password_rejected" time="0.050" /><testcase classname="backend.tests.test_jwt_auth.TestAuthMeJWT" name="test_me_with_bearer" time="0.540" /><testcase classname="backend.tests.test_jwt_auth.TestAuthMeJWT" name="test_me_no_auth_401" time="0.152" /><testcase classname="backend.tests.test_jwt_auth.TestPMUsersJWT" name="test_pm_users_list" time="0.492" /><testcase classname="backend.tests.test_jwt_auth.TestPMUsersJWT" name="test_pm_users_forbidden_for_regular_user" time="0.454" /><testcase classname="backend.tests.test_jwt_auth.TestRefreshLogout" name="test_refresh_with_cookie" time="0.386" /><testcase classname="backend.tests.test_jwt_auth.TestRefreshLogout" name="test_logout_clears_cookies" time="0.404" /><testcase classname="backend.tests.test_jwt_auth.TestEmergentSessionRoute" name="test_emergent_session_route_exists" time="0.200" /><testcase classname="backend.tests.test_jwt_auth.TestBruteForce" name="test_brute_force_429_after_5_failures" time="0.463"><failure message="AssertionError: Expected 429 after 5 failures, last status: 401&#10;assert False">backend/tests/test_jwt_auth.py:168: in test_brute_force_429_after_5_failures
    assert got_429, f"Expected 429 after 5 failures, last status: {last_status}"
E   AssertionError: Expected 429 after 5 failures, last status: 401
E   assert False</failure></testcase></testsuite></testsuites>