<?xml version="1.0" encoding="utf-8"?><testsuites name="pytest tests"><testsuite name="pytest" errors="0" failures="0" skipped="1" tests="15" time="1.839" timestamp="2026-04-23T17:48:29.879606+00:00" hostname="agent-env-fe0858b3-82be-43c4-8a9a-24ee2c706ffd"><testcase classname="backend.tests.test_crm_pm_parity.TestMedicineParity" name="test_crm_add_medicine_writes_to_db_medications" time="0.193" /><testcase classname="backend.tests.test_crm_pm_parity.TestMedicineParity" name="test_medicine_visible_in_main_pm_medications" time="0.065" /><testcase classname="backend.tests.test_crm_pm_parity.TestMedicineParity" name="test_adherence_logs_and_reminders_generated" time="0.055"><skipped type="pytest.skip" message="PM adherence endpoint shape differs; skipping indirect check">/app/backend/tests/test_crm_pm_parity.py:98: PM adherence endpoint shape differs; skipping indirect check</skipped></testcase><testcase classname="backend.tests.test_crm_pm_parity.TestMedicineParity" name="test_crm_update_medicine_persists_via_main_pm" time="0.116" /><testcase classname="backend.tests.test_crm_pm_parity.TestMedicineParity" name="test_crm_refill_updates_tablet_stock" time="0.123" /><testcase classname="backend.tests.test_crm_pm_parity.TestMedicineParity" name="test_crm_delete_medicine_removes_from_shared" time="0.117" /><testcase classname="backend.tests.test_crm_pm_parity.TestAppointmentParity" name="test_crm_create_appointment_writes_shared" time="0.321" /><testcase classname="backend.tests.test_crm_pm_parity.TestAppointmentParity" name="test_appointment_visible_in_pm_endpoint" time="0.066" /><testcase classname="backend.tests.test_crm_pm_parity.TestLabBookingDualWrite" name="test_book_lab_test_dual_writes_appointment" time="0.314" /><testcase classname="backend.tests.test_crm_pm_parity.TestOnboardingPending" name="test_get_pending_onboarding_authenticated" time="0.057" /><testcase classname="backend.tests.test_crm_pm_parity.TestOnboardingPending" name="test_get_pending_onboarding_requires_auth" time="0.117" /><testcase classname="backend.tests.test_crm_pm_parity.TestPMRegression" name="test_pm_medications_get" time="0.055" /><testcase classname="backend.tests.test_crm_pm_parity.TestPMRegression" name="test_pm_appointments_get" time="0.055" /><testcase classname="backend.tests.test_crm_pm_parity.TestPMRegression" name="test_main_appointments_get" time="0.054" /><testcase classname="backend.tests.test_crm_pm_parity.TestPMRegression" name="test_main_medications_get" time="0.058" /></testsuite></testsuites>