<?xml version="1.0" encoding="utf-8"?><testsuites name="pytest tests"><testsuite name="pytest" errors="0" failures="0" skipped="2" tests="68" time="6.470" timestamp="2026-04-24T02:24:34.375627+00:00" hostname="agent-env-fe0858b3-82be-43c4-8a9a-24ee2c706ffd"><testcase classname="backend.tests.test_crm_daily_task_list.TestAuthGating" name="test_grouped_requires_pm_session" time="0.253" /><testcase classname="backend.tests.test_crm_daily_task_list.TestAuthGating" name="test_grouped_200_with_pm_session" time="0.053" /><testcase classname="backend.tests.test_crm_daily_task_list.TestAuthGating" name="test_pending_tasks_requires_pm" time="0.047" /><testcase classname="backend.tests.test_crm_daily_task_list.TestAuthGating" name="test_toggle_requires_pm" time="0.046" /><testcase classname="backend.tests.test_crm_daily_task_list.TestGroupedEndpoint" name="test_response_shape" time="0.055" /><testcase classname="backend.tests.test_crm_daily_task_list.TestGroupedEndpoint" name="test_unique_patients_no_duplicates" time="0.049" /><testcase classname="backend.tests.test_crm_daily_task_list.TestGroupedEndpoint" name="test_total_tasks_matches_task_counts" time="0.050" /><testcase classname="backend.tests.test_crm_daily_task_list.TestGroupedEndpoint" name="test_aggregation_matches_flat_endpoint" time="0.102" /><testcase classname="backend.tests.test_crm_daily_task_list.TestGroupedEndpoint" name="test_sort_order_urgency_then_priority" time="0.051"><skipped type="pytest.skip" message="need &gt;=2 groups to verify sort">/app/backend/tests/test_crm_daily_task_list.py:147: need &gt;=2 groups to verify sort</skipped></testcase><testcase classname="backend.tests.test_crm_daily_task_list.TestPendingTasks" name="test_flat_list_for_existing_patient" time="0.057" /><testcase classname="backend.tests.test_crm_daily_task_list.TestPendingTasks" name="test_pending_tasks_all_belong_to_patient" time="0.048" /><testcase classname="backend.tests.test_crm_daily_task_list.TestToggle" name="test_unknown_task_type_returns_400" time="0.049" /><testcase classname="backend.tests.test_crm_daily_task_list.TestToggle" name="test_opportunity_toggle_removes_from_grouped" time="0.612" /><testcase classname="backend.tests.test_crm_daily_task_list.TestToggle" name="test_opportunity_404_for_missing_id" time="0.052" /><testcase classname="backend.tests.test_crm_daily_task_list.TestToggle" name="test_follow_up_toggle_records_interaction" time="0.051" /><testcase classname="backend.tests.test_crm_daily_task_list.TestToggle" name="test_onboarding_toggle" time="0.047" /><testcase classname="backend.tests.test_crm_daily_task_list.TestFlatRegression" name="test_flat_endpoint_still_works" time="0.050" /><testcase classname="backend.tests.test_crm_daily_task_list.TestFlatRegression" name="test_onboarding_pending_still_works" time="0.049" /><testcase classname="backend.tests.test_crm_pm_parity.TestMedicineParity" name="test_crm_add_medicine_writes_to_db_medications" time="0.208" /><testcase classname="backend.tests.test_crm_pm_parity.TestMedicineParity" name="test_medicine_visible_in_main_pm_medications" time="0.061" /><testcase classname="backend.tests.test_crm_pm_parity.TestMedicineParity" name="test_adherence_logs_and_reminders_generated" time="0.065"><skipped type="pytest.skip" message="PM adherence endpoint shape differs; skipping indirect check">/app/backend/tests/test_crm_pm_parity.py:98: PM adherence endpoint shape differs; skipping indirect check</skipped></testcase><testcase classname="backend.tests.test_crm_pm_parity.TestMedicineParity" name="test_crm_update_medicine_persists_via_main_pm" time="0.136" /><testcase classname="backend.tests.test_crm_pm_parity.TestMedicineParity" name="test_crm_refill_updates_tablet_stock" time="0.137" /><testcase classname="backend.tests.test_crm_pm_parity.TestMedicineParity" name="test_crm_delete_medicine_removes_from_shared" time="0.113" /><testcase classname="backend.tests.test_crm_pm_parity.TestAppointmentParity" name="test_crm_create_appointment_writes_shared" time="0.279" /><testcase classname="backend.tests.test_crm_pm_parity.TestAppointmentParity" name="test_appointment_visible_in_pm_endpoint" time="0.071" /><testcase classname="backend.tests.test_crm_pm_parity.TestLabBookingDualWrite" name="test_book_lab_test_dual_writes_appointment" time="0.314" /><testcase classname="backend.tests.test_crm_pm_parity.TestOnboardingPending" name="test_get_pending_onboarding_authenticated" time="0.061" /><testcase classname="backend.tests.test_crm_pm_parity.TestOnboardingPending" name="test_get_pending_onboarding_requires_auth" time="0.120" /><testcase classname="backend.tests.test_crm_pm_parity.TestPMRegression" name="test_pm_medications_get" time="0.059" /><testcase classname="backend.tests.test_crm_pm_parity.TestPMRegression" name="test_pm_appointments_get" time="0.054" /><testcase classname="backend.tests.test_crm_pm_parity.TestPMRegression" name="test_main_appointments_get" time="0.059" /><testcase classname="backend.tests.test_crm_pm_parity.TestPMRegression" name="test_main_medications_get" time="0.067" /><testcase classname="backend.tests.test_crm_api.TestAuth" name="test_root_authenticated_pm" time="0.120" /><testcase classname="backend.tests.test_crm_api.TestAuth" name="test_root_unauthenticated_returns_401" time="0.107" /><testcase classname="backend.tests.test_crm_api.TestAuth" name="test_regular_user_forbidden" time="0.114" /><testcase classname="backend.tests.test_crm_api.TestAuth" name="test_patients_list_unauthenticated" time="0.047" /><testcase classname="backend.tests.test_crm_api.TestAuth" name="test_dashboard_stats_unauthenticated" time="0.050" /><testcase classname="backend.tests.test_crm_api.TestSync" name="test_sync_from_main_app" time="0.053" /><testcase classname="backend.tests.test_crm_api.TestSync" name="test_sync_is_idempotent" time="0.097" /><testcase classname="backend.tests.test_crm_api.TestSync" name="test_patients_auto_populates" time="0.050" /><testcase classname="backend.tests.test_crm_api.TestPatient" name="test_get_patient_detail" time="0.054" /><testcase classname="backend.tests.test_crm_api.TestPatient" name="test_get_patient_404" time="0.051" /><testcase classname="backend.tests.test_crm_api.TestPatient" name="test_update_patient_does_not_touch_users_collection" time="0.103" /><testcase classname="backend.tests.test_crm_api.TestDashboard" name="test_stats" time="0.056" /><testcase classname="backend.tests.test_crm_api.TestDashboard" name="test_patients_to_call" time="0.048" /><testcase classname="backend.tests.test_crm_api.TestDashboard" name="test_revenue_summary" time="0.047" /><testcase classname="backend.tests.test_crm_api.TestOpportunities" name="test_generate_and_list" time="0.096" /><testcase classname="backend.tests.test_crm_api.TestLabs" name="test_list_labs" time="0.050" /><testcase classname="backend.tests.test_crm_api.TestLabs" name="test_create_lab" time="0.047" /><testcase classname="backend.tests.test_crm_api.TestLabs" name="test_catalog_lab_tests" time="0.049" /><testcase classname="backend.tests.test_crm_api.TestLabs" name="test_create_custom_lab_test" time="0.047" /><testcase classname="backend.tests.test_crm_api.TestLabBooking" name="test_book_and_revenue" time="0.289" /><testcase classname="backend.tests.test_crm_api.TestInteractions" name="test_interaction_future_follow_up" time="0.049" /><testcase classname="backend.tests.test_crm_api.TestInteractions" name="test_interaction_past_follow_up_rejected" time="0.050" /><testcase classname="backend.tests.test_crm_api.TestVitals" name="test_record_bp_via_crm" time="0.099" /><testcase classname="backend.tests.test_crm_api.TestVitals" name="test_record_glucose_via_crm" time="0.047" /><testcase classname="backend.tests.test_crm_api.TestAppointments" name="test_create_appointment" time="0.243" /><testcase classname="backend.tests.test_crm_api.TestReports" name="test_lab_reconciliation" time="0.048" /><testcase classname="backend.tests.test_crm_api.TestReports" name="test_lab_reconciliation_details" time="0.047" /><testcase classname="backend.tests.test_crm_api.TestOnboarding" name="test_get_onboarding" time="0.047" /><testcase classname="backend.tests.test_crm_api.TestOnboarding" name="test_update_onboarding" time="0.048" /><testcase classname="backend.tests.test_crm_api.TestRegressionMainApp" name="test_auth_me" time="0.049" /><testcase classname="backend.tests.test_crm_api.TestRegressionMainApp" name="test_medications_untouched" time="0.047" /><testcase classname="backend.tests.test_crm_api.TestRegressionMainApp" name="test_pm_users_list" time="0.052" /><testcase classname="backend.tests.test_crm_api.TestRegressionMainApp" name="test_pm_purchase_links" time="0.052" /><testcase classname="backend.tests.test_crm_api.TestRegressionMainApp" name="test_appointments_untouched" time="0.050" /><testcase classname="backend.tests.test_crm_api.TestIsolation" name="test_delete_patient_preserves_user" time="0.199" /></testsuite></testsuites>