<?xml version="1.0" encoding="utf-8"?><testsuites name="pytest tests"><testsuite name="pytest" errors="0" failures="1" skipped="1" tests="18" time="2.134" timestamp="2026-04-24T02:24:16.088330+00:00" hostname="agent-env-fe0858b3-82be-43c4-8a9a-24ee2c706ffd"><testcase classname="backend.tests.test_crm_daily_task_list.TestAuthGating" name="test_grouped_requires_pm_session" time="0.359" /><testcase classname="backend.tests.test_crm_daily_task_list.TestAuthGating" name="test_grouped_200_with_pm_session" time="0.064" /><testcase classname="backend.tests.test_crm_daily_task_list.TestAuthGating" name="test_pending_tasks_requires_pm" time="0.051" /><testcase classname="backend.tests.test_crm_daily_task_list.TestAuthGating" name="test_toggle_requires_pm" time="0.049" /><testcase classname="backend.tests.test_crm_daily_task_list.TestGroupedEndpoint" name="test_response_shape" time="0.053" /><testcase classname="backend.tests.test_crm_daily_task_list.TestGroupedEndpoint" name="test_unique_patients_no_duplicates" time="0.050" /><testcase classname="backend.tests.test_crm_daily_task_list.TestGroupedEndpoint" name="test_total_tasks_matches_task_counts" time="0.053" /><testcase classname="backend.tests.test_crm_daily_task_list.TestGroupedEndpoint" name="test_aggregation_matches_flat_endpoint" time="0.113" /><testcase classname="backend.tests.test_crm_daily_task_list.TestGroupedEndpoint" name="test_sort_order_urgency_then_priority" time="0.059"><skipped type="pytest.skip" message="need &gt;=2 groups to verify sort">/app/backend/tests/test_crm_daily_task_list.py:147: need &gt;=2 groups to verify sort</skipped></testcase><testcase classname="backend.tests.test_crm_daily_task_list.TestPendingTasks" name="test_flat_list_for_existing_patient" time="0.058" /><testcase classname="backend.tests.test_crm_daily_task_list.TestPendingTasks" name="test_pending_tasks_all_belong_to_patient" time="0.057" /><testcase classname="backend.tests.test_crm_daily_task_list.TestToggle" name="test_unknown_task_type_returns_400" time="0.051" /><testcase classname="backend.tests.test_crm_daily_task_list.TestToggle" name="test_opportunity_toggle_removes_from_grouped" time="0.640"><failure message="AssertionError: patient still in grouped after toggling their only task&#10;assert not True&#10; +  where True = any(&lt;generator object TestToggle.test_opportunity_toggle_removes_from_grouped.&lt;locals&gt;.&lt;genexpr&gt; at 0xf9f95128b060&gt;)">backend/tests/test_crm_daily_task_list.py:283: in test_opportunity_toggle_removes_from_grouped
    assert not any(g["patient_id"] == test_pid for g in grouped2), (
E   AssertionError: patient still in grouped after toggling their only task
E   assert not True
E    +  where True = any(&lt;generator object TestToggle.test_opportunity_toggle_removes_from_grouped.&lt;locals&gt;.&lt;genexpr&gt; at 0xf9f95128b060&gt;)</failure></testcase><testcase classname="backend.tests.test_crm_daily_task_list.TestToggle" name="test_opportunity_404_for_missing_id" time="0.055" /><testcase classname="backend.tests.test_crm_daily_task_list.TestToggle" name="test_follow_up_toggle_records_interaction" time="0.049" /><testcase classname="backend.tests.test_crm_daily_task_list.TestToggle" name="test_onboarding_toggle" time="0.049" /><testcase classname="backend.tests.test_crm_daily_task_list.TestFlatRegression" name="test_flat_endpoint_still_works" time="0.057" /><testcase classname="backend.tests.test_crm_daily_task_list.TestFlatRegression" name="test_onboarding_pending_still_works" time="0.055" /></testsuite></testsuites>