<?xml version="1.0" encoding="utf-8"?><testsuites name="pytest tests"><testsuite name="pytest" errors="0" failures="0" skipped="0" tests="19" time="0.884" timestamp="2026-05-04T19:09:24.232216+00:00" hostname="agent-env-485f80a6-5fcf-4feb-9c51-6a81c3671a53"><testcase classname="tests.test_careable360_reproduction.TestBackendHealth" name="test_root_or_health_responds" time="0.176" /><testcase classname="tests.test_careable360_reproduction.TestBackendHealth" name="test_medications_autocomplete_public_returns_200" time="0.083" /><testcase classname="tests.test_careable360_reproduction.TestAuthProtected" name="test_protected_returns_401_without_session[/api/auth/me]" time="0.073" /><testcase classname="tests.test_careable360_reproduction.TestAuthProtected" name="test_protected_returns_401_without_session[/api/medications]" time="0.063" /><testcase classname="tests.test_careable360_reproduction.TestAuthProtected" name="test_protected_returns_401_without_session[/api/orders]" time="0.069" /><testcase classname="tests.test_careable360_reproduction.TestAuthProtected" name="test_protected_returns_401_without_session[/api/inv/invoices]" time="0.064" /><testcase classname="tests.test_careable360_reproduction.TestSeededData" name="test_users_seeded" time="0.005" /><testcase classname="tests.test_careable360_reproduction.TestSeededData" name="test_medications_seeded_for_customer" time="0.001" /><testcase classname="tests.test_careable360_reproduction.TestSeededData" name="test_products_seeded" time="0.000" /><testcase classname="tests.test_careable360_reproduction.TestSeededData" name="test_invoices_seeded" time="0.000" /><testcase classname="tests.test_careable360_reproduction.TestSeededData" name="test_orders_seeded" time="0.001" /><testcase classname="tests.test_careable360_reproduction.TestSeededData" name="test_crm_patient_profile_seeded" time="0.001" /><testcase classname="tests.test_careable360_reproduction.TestSeededData" name="test_crm_revenue_conversions_seeded" time="0.000" /><testcase classname="tests.test_careable360_reproduction.TestSeededData" name="test_user_purchase_links_seeded" time="0.000" /><testcase classname="tests.test_careable360_reproduction.TestRebrandCorrectness" name="test_helpers_admin_email_is_careable360" time="0.000" /><testcase classname="tests.test_careable360_reproduction.TestRebrandCorrectness" name="test_auth_role_mapping" time="0.156" /><testcase classname="tests.test_careable360_reproduction.TestRebrandCorrectness" name="test_no_brand_encare_in_main_python_sources" time="0.006" /><testcase classname="tests.test_careable360_reproduction.TestEnvAndLLM" name="test_emergent_llm_key_loaded" time="0.000" /><testcase classname="tests.test_careable360_reproduction.TestEnvAndLLM" name="test_db_name_is_careable360_db" time="0.001" /></testsuite></testsuites>