<?xml version="1.0" encoding="utf-8"?><testsuites name="pytest tests"><testsuite name="pytest" errors="0" failures="0" skipped="0" tests="8" time="1.139" timestamp="2026-03-04T14:21:21.216627+00:00" hostname="agent-env-30820ff1-4074-42a9-ac99-24ce8790c568"><testcase classname="backend.tests.test_sorting_api.TestProductSortingAPI" name="test_medical_equipment_products_returns_sorting_fields" time="0.143" /><testcase classname="backend.tests.test_sorting_api.TestProductSortingAPI" name="test_personal_care_products_returns_sorting_fields" time="0.145" /><testcase classname="backend.tests.test_sorting_api.TestProductSortingAPI" name="test_products_sorted_alphabetically_by_backend" time="0.116" /><testcase classname="backend.tests.test_sorting_api.TestProductSortingAPI" name="test_medical_equipment_product_data_values" time="0.119" /><testcase classname="backend.tests.test_sorting_api.TestProductSortingAPI" name="test_sort_order_price_low_to_high" time="0.156" /><testcase classname="backend.tests.test_sorting_api.TestProductSortingAPI" name="test_sort_order_price_high_to_low" time="0.116" /><testcase classname="backend.tests.test_sorting_api.TestProductSortingAPI" name="test_sort_order_discount_highest_first" time="0.112" /><testcase classname="backend.tests.test_sorting_api.TestProductSortingAPI" name="test_personal_care_sorting_data" time="0.164" /></testsuite></testsuites>