<?xml version="1.0" encoding="utf-8"?><testsuites name="pytest tests"><testsuite name="pytest" errors="0" failures="0" skipped="0" tests="7" time="0.372" timestamp="2026-01-10T18:10:22.541216+00:00" hostname="agent-env-56399aca-5a2f-4815-9991-212f76477f51"><testcase classname="tests.test_appointment_booking.TestAppointmentModels" name="test_appointment_endpoint_exists" time="0.071" /><testcase classname="tests.test_appointment_booking.TestAppointmentModels" name="test_appointment_create_accepts_hospital_field" time="0.039" /><testcase classname="tests.test_appointment_booking.TestAppointmentAPIWithoutAuth" name="test_get_appointments_requires_auth" time="0.039" /><testcase classname="tests.test_appointment_booking.TestAppointmentAPIWithoutAuth" name="test_post_appointments_requires_auth" time="0.042" /><testcase classname="tests.test_appointment_booking.TestPrescriptionManagerEndpoints" name="test_prescription_manager_users_endpoint_requires_auth" time="0.039" /><testcase classname="tests.test_appointment_booking.TestPrescriptionManagerEndpoints" name="test_prescription_manager_user_details_requires_auth" time="0.033" /><testcase classname="tests.test_appointment_booking.TestHealthEndpoints" name="test_api_root_accessible" time="0.051" /></testsuite></testsuites>