<?xml version="1.0" encoding="utf-8"?><testsuites name="pytest tests"><testsuite name="pytest" errors="0" failures="0" skipped="0" tests="21" time="2.799" timestamp="2026-03-06T12:26:21.735599+00:00" hostname="agent-env-254c3d0c-468c-4898-9f7a-6d2c3f1aa0ac"><testcase classname="tests.test_caregiver_api.TestCaregiverPublicEndpoints" name="test_get_invite_invalid_token_returns_404" time="0.151" /><testcase classname="tests.test_caregiver_api.TestCaregiverPublicEndpoints" name="test_get_invite_random_token_returns_404" time="0.143" /><testcase classname="tests.test_caregiver_api.TestCaregiverAuthenticatedEndpoints" name="test_invite_without_auth_returns_401" time="0.140" /><testcase classname="tests.test_caregiver_api.TestCaregiverAuthenticatedEndpoints" name="test_my_caregiver_without_auth_returns_401" time="0.135" /><testcase classname="tests.test_caregiver_api.TestCaregiverAuthenticatedEndpoints" name="test_my_patient_without_auth_returns_401" time="0.109" /><testcase classname="tests.test_caregiver_api.TestCaregiverAuthenticatedEndpoints" name="test_accept_invite_without_auth_returns_401" time="0.107" /><testcase classname="tests.test_caregiver_api.TestCaregiverAuthenticatedEndpoints" name="test_unlink_without_auth_returns_401" time="0.108" /><testcase classname="tests.test_caregiver_api.TestCaregiverAuthenticatedEndpoints" name="test_preferences_without_auth_returns_401" time="0.103" /><testcase classname="tests.test_caregiver_api.TestCaregiverAuthenticatedEndpoints" name="test_patient_medications_without_auth_returns_401" time="0.104" /><testcase classname="tests.test_caregiver_api.TestCaregiverAuthenticatedEndpoints" name="test_patient_adherence_without_auth_returns_401" time="0.099" /><testcase classname="tests.test_caregiver_api.TestCaregiverEndpointExists" name="test_invite_endpoint_exists" time="0.107" /><testcase classname="tests.test_caregiver_api.TestCaregiverEndpointExists" name="test_my_caregiver_endpoint_exists" time="0.102" /><testcase classname="tests.test_caregiver_api.TestCaregiverEndpointExists" name="test_my_patient_endpoint_exists" time="0.100" /><testcase classname="tests.test_caregiver_api.TestCaregiverEndpointExists" name="test_accept_endpoint_exists" time="0.107" /><testcase classname="tests.test_caregiver_api.TestCaregiverEndpointExists" name="test_preferences_endpoint_exists" time="0.114" /><testcase classname="tests.test_caregiver_api.TestCaregiverEndpointExists" name="test_unlink_endpoint_exists" time="0.104" /><testcase classname="tests.test_caregiver_api.TestCaregiverEndpointExists" name="test_patient_medications_endpoint_exists" time="0.127" /><testcase classname="tests.test_caregiver_api.TestCaregiverEndpointExists" name="test_patient_adherence_endpoint_exists" time="0.113" /><testcase classname="tests.test_caregiver_api.TestCaregiverAPIResponseFormat" name="test_invite_invalid_token_response_format" time="0.103" /><testcase classname="tests.test_caregiver_api.TestCaregiverAPIResponseFormat" name="test_auth_error_response_format" time="0.112" /><testcase classname="tests.test_caregiver_api.TestCaregiverRouterRegistration" name="test_all_routes_respond" time="0.443" /></testsuite></testsuites>