<?xml version="1.0" encoding="utf-8"?><testsuites name="pytest tests"><testsuite name="pytest" errors="0" failures="0" skipped="0" tests="25" time="2.863" timestamp="2026-03-05T12:21:48.029276+00:00" hostname="agent-env-30820ff1-4074-42a9-ac99-24ce8790c568"><testcase classname="backend.tests.test_refactoring_regression.TestHealthAndBasicEndpoints" name="test_health_endpoint" time="0.120" /><testcase classname="backend.tests.test_refactoring_regression.TestHealthAndBasicEndpoints" name="test_products_medical_equipment" time="0.112" /><testcase classname="backend.tests.test_refactoring_regression.TestCaregiverRoutes" name="test_caregiver_invite_invalid_token" time="0.098" /><testcase classname="backend.tests.test_refactoring_regression.TestPrescriptionManagerRoutes" name="test_pm_users_requires_auth" time="0.108" /><testcase classname="backend.tests.test_refactoring_regression.TestPrescriptionManagerRoutes" name="test_pm_dashboard_metrics_requires_auth" time="0.102" /><testcase classname="backend.tests.test_refactoring_regression.TestPrescriptionManagerRoutes" name="test_pm_cleanup_database_requires_auth" time="0.101" /><testcase classname="backend.tests.test_refactoring_regression.TestPrescriptionManagerRoutes" name="test_pm_webhook_config_requires_auth" time="0.121" /><testcase classname="backend.tests.test_refactoring_regression.TestPrescriptionManagerRoutes" name="test_pm_webhook_test_requires_auth" time="0.121" /><testcase classname="backend.tests.test_refactoring_regression.TestPrescriptionManagerRoutes" name="test_pm_user_health_reports_requires_auth" time="0.115" /><testcase classname="backend.tests.test_refactoring_regression.TestPrescriptionManagerRoutes" name="test_pm_dashboard_users_metric_requires_auth" time="0.111" /><testcase classname="backend.tests.test_refactoring_regression.TestAdminRoutes" name="test_admin_upload_csv_requires_auth" time="0.099" /><testcase classname="backend.tests.test_refactoring_regression.TestAdminRoutes" name="test_admin_import_medicines_requires_auth" time="0.173" /><testcase classname="backend.tests.test_refactoring_regression.TestAdminRoutes" name="test_admin_cleanup_duplicates_requires_auth" time="0.102" /><testcase classname="backend.tests.test_refactoring_regression.TestDownloadEndpoint" name="test_zip_download_works" time="0.110" /><testcase classname="backend.tests.test_refactoring_regression.TestDownloadEndpoint" name="test_invalid_zip_returns_404" time="0.099" /><testcase classname="backend.tests.test_refactoring_regression.TestExistingRoutesAfterRefactoring" name="test_auth_me_requires_auth" time="0.095" /><testcase classname="backend.tests.test_refactoring_regression.TestExistingRoutesAfterRefactoring" name="test_users_me_requires_auth" time="0.106" /><testcase classname="backend.tests.test_refactoring_regression.TestExistingRoutesAfterRefactoring" name="test_medications_requires_auth" time="0.108" /><testcase classname="backend.tests.test_refactoring_regression.TestExistingRoutesAfterRefactoring" name="test_adherence_requires_auth" time="0.105" /><testcase classname="backend.tests.test_refactoring_regression.TestExistingRoutesAfterRefactoring" name="test_appointments_requires_auth" time="0.111" /><testcase classname="backend.tests.test_refactoring_regression.TestExistingRoutesAfterRefactoring" name="test_health_glucose_requires_auth" time="0.116" /><testcase classname="backend.tests.test_refactoring_regression.TestExistingRoutesAfterRefactoring" name="test_cart_requires_auth" time="0.113" /><testcase classname="backend.tests.test_refactoring_regression.TestProductsAndCheckoutRoutes" name="test_products_public_endpoint" time="0.118" /><testcase classname="backend.tests.test_refactoring_regression.TestProductsAndCheckoutRoutes" name="test_products_subcategories" time="0.105" /><testcase classname="backend.tests.test_refactoring_regression.TestProductsAndCheckoutRoutes" name="test_checkout_create_order_requires_auth" time="0.118" /></testsuite></testsuites>