<?xml version="1.0" encoding="utf-8"?><testsuites name="pytest tests"><testsuite name="pytest" errors="0" failures="0" skipped="0" tests="14" time="1.955" timestamp="2026-02-24T12:03:02.123686+00:00" hostname="agent-env-c92d5372-6d94-4f32-88f7-cefaef66584a"><testcase classname="backend.tests.test_ecommerce_api.TestProductListingPublic" name="test_get_all_medical_equipment_products" time="0.130" /><testcase classname="backend.tests.test_ecommerce_api.TestProductListingPublic" name="test_get_all_personal_care_products" time="0.125" /><testcase classname="backend.tests.test_ecommerce_api.TestProductListingPublic" name="test_get_products_without_category" time="0.104" /><testcase classname="backend.tests.test_ecommerce_api.TestProductListingPublic" name="test_product_has_required_fields" time="0.114" /><testcase classname="backend.tests.test_ecommerce_api.TestSubcategoryFilters" name="test_get_medical_equipment_subcategories" time="0.142" /><testcase classname="backend.tests.test_ecommerce_api.TestSubcategoryFilters" name="test_get_personal_care_subcategories" time="0.122" /><testcase classname="backend.tests.test_ecommerce_api.TestSubcategoryFilters" name="test_filter_by_subcategory" time="0.212" /><testcase classname="backend.tests.test_ecommerce_api.TestProductDetail" name="test_get_single_product_by_id" time="0.211" /><testcase classname="backend.tests.test_ecommerce_api.TestProductDetail" name="test_get_nonexistent_product" time="0.147" /><testcase classname="backend.tests.test_ecommerce_api.TestCartNoAuth" name="test_get_cart_without_auth" time="0.131" /><testcase classname="backend.tests.test_ecommerce_api.TestCartNoAuth" name="test_add_to_cart_without_auth" time="0.111" /><testcase classname="backend.tests.test_ecommerce_api.TestAdminProductsNoAuth" name="test_admin_get_products_without_auth" time="0.102" /><testcase classname="backend.tests.test_ecommerce_api.TestAdminProductsNoAuth" name="test_admin_create_product_without_auth" time="0.120" /><testcase classname="backend.tests.test_ecommerce_api.TestSearchFunctionality" name="test_search_products_by_name" time="0.116" /></testsuite></testsuites>