<?xml version="1.0" encoding="utf-8"?><testsuites name="pytest tests"><testsuite name="pytest" errors="0" failures="1" skipped="0" tests="35" time="2.727" timestamp="2026-04-23T02:49:20.401344+00:00" hostname="agent-env-fe0858b3-82be-43c4-8a9a-24ee2c706ffd"><testcase classname="backend.tests.test_crm_api.TestAuth" name="test_root_authenticated_pm" time="0.204" /><testcase classname="backend.tests.test_crm_api.TestAuth" name="test_root_unauthenticated_returns_401" time="0.150" /><testcase classname="backend.tests.test_crm_api.TestAuth" name="test_regular_user_forbidden" time="0.111" /><testcase classname="backend.tests.test_crm_api.TestAuth" name="test_patients_list_unauthenticated" time="0.054" /><testcase classname="backend.tests.test_crm_api.TestAuth" name="test_dashboard_stats_unauthenticated" time="0.054" /><testcase classname="backend.tests.test_crm_api.TestSync" name="test_sync_from_main_app" time="0.065" /><testcase classname="backend.tests.test_crm_api.TestSync" name="test_sync_is_idempotent" time="0.102" /><testcase classname="backend.tests.test_crm_api.TestSync" name="test_patients_auto_populates" time="0.061" /><testcase classname="backend.tests.test_crm_api.TestPatient" name="test_get_patient_detail" time="0.070" /><testcase classname="backend.tests.test_crm_api.TestPatient" name="test_get_patient_404" time="0.055" /><testcase classname="backend.tests.test_crm_api.TestPatient" name="test_update_patient_does_not_touch_users_collection" time="0.103" /><testcase classname="backend.tests.test_crm_api.TestDashboard" name="test_stats" time="0.053" /><testcase classname="backend.tests.test_crm_api.TestDashboard" name="test_patients_to_call" time="0.051" /><testcase classname="backend.tests.test_crm_api.TestDashboard" name="test_revenue_summary" time="0.050" /><testcase classname="backend.tests.test_crm_api.TestOpportunities" name="test_generate_and_list" time="0.096" /><testcase classname="backend.tests.test_crm_api.TestLabs" name="test_list_labs" time="0.048" /><testcase classname="backend.tests.test_crm_api.TestLabs" name="test_create_lab" time="0.062" /><testcase classname="backend.tests.test_crm_api.TestLabs" name="test_catalog_lab_tests" time="0.051" /><testcase classname="backend.tests.test_crm_api.TestLabs" name="test_create_custom_lab_test" time="0.086" /><testcase classname="backend.tests.test_crm_api.TestLabBooking" name="test_book_and_revenue" time="0.118" /><testcase classname="backend.tests.test_crm_api.TestInteractions" name="test_interaction_future_follow_up" time="0.049" /><testcase classname="backend.tests.test_crm_api.TestInteractions" name="test_interaction_past_follow_up_rejected" time="0.051" /><testcase classname="backend.tests.test_crm_api.TestVitals" name="test_record_bp_via_crm" time="0.106" /><testcase classname="backend.tests.test_crm_api.TestVitals" name="test_record_glucose_via_crm" time="0.052" /><testcase classname="backend.tests.test_crm_api.TestAppointments" name="test_create_appointment" time="0.052" /><testcase classname="backend.tests.test_crm_api.TestReports" name="test_lab_reconciliation" time="0.049" /><testcase classname="backend.tests.test_crm_api.TestReports" name="test_lab_reconciliation_details" time="0.050"><failure message="assert 422 == 200&#10; +  where 422 = &lt;Response [422]&gt;.status_code">backend/tests/test_crm_api.py:299: in test_lab_reconciliation_details
    assert r.status_code == 200
E   assert 422 == 200
E    +  where 422 = &lt;Response [422]&gt;.status_code</failure></testcase><testcase classname="backend.tests.test_crm_api.TestOnboarding" name="test_get_onboarding" time="0.050" /><testcase classname="backend.tests.test_crm_api.TestOnboarding" name="test_update_onboarding" time="0.049" /><testcase classname="backend.tests.test_crm_api.TestRegressionMainApp" name="test_auth_me" time="0.049" /><testcase classname="backend.tests.test_crm_api.TestRegressionMainApp" name="test_medications_untouched" time="0.047" /><testcase classname="backend.tests.test_crm_api.TestRegressionMainApp" name="test_pm_users_list" time="0.048" /><testcase classname="backend.tests.test_crm_api.TestRegressionMainApp" name="test_pm_purchase_links" time="0.053" /><testcase classname="backend.tests.test_crm_api.TestRegressionMainApp" name="test_appointments_untouched" time="0.055" /><testcase classname="backend.tests.test_crm_api.TestIsolation" name="test_delete_patient_preserves_user" time="0.204" /></testsuite></testsuites>