<?xml version="1.0" encoding="utf-8"?><testsuites name="pytest tests"><testsuite name="pytest" errors="0" failures="0" skipped="0" tests="11" time="0.882" timestamp="2026-04-03T08:55:50.555718+00:00" hostname="agent-env-1145cbfb-1486-400e-bd74-ab0c1bf70b9c"><testcase classname="tests.test_alarm_settings.TestNotificationSettingsAlarm" name="test_get_notification_settings_returns_alarm_enabled_field" time="0.164" /><testcase classname="tests.test_alarm_settings.TestNotificationSettingsAlarm" name="test_put_notification_settings_accepts_alarm_enabled" time="0.156" /><testcase classname="tests.test_alarm_settings.TestNotificationSettingsModel" name="test_notification_settings_model_has_alarm_enabled" time="0.102" /><testcase classname="tests.test_alarm_settings.TestNotificationSettingsModel" name="test_notification_settings_update_model_has_alarm_enabled" time="0.000" /><testcase classname="tests.test_alarm_settings.TestNotificationSettingsModel" name="test_notification_settings_update_alarm_enabled_optional" time="0.000" /><testcase classname="tests.test_alarm_settings.TestAPIEndpointStructure" name="test_api_health_check" time="0.122" /><testcase classname="tests.test_alarm_settings.TestAPIEndpointStructure" name="test_notification_settings_endpoint_exists" time="0.270" /><testcase classname="tests.test_alarm_settings.TestFrontendCodeReview" name="test_profile_page_has_alarm_toggle" time="0.000" /><testcase classname="tests.test_alarm_settings.TestFrontendCodeReview" name="test_notification_manager_defaults_to_false" time="0.000" /><testcase classname="tests.test_alarm_settings.TestFrontendCodeReview" name="test_app_js_syncs_alarm_setting" time="0.000" /><testcase classname="tests.test_alarm_settings.TestFrontendCodeReview" name="test_profile_page_calls_api_for_alarm_setting" time="0.000" /></testsuite></testsuites>