<?xml version="1.0" encoding="utf-8"?><testsuites name="pytest tests"><testsuite name="pytest" errors="0" failures="0" skipped="0" tests="7" time="0.554" timestamp="2026-01-12T08:23:35.903371+00:00" hostname="agent-env-56399aca-5a2f-4815-9991-212f76477f51"><testcase classname="tests.test_appointment_status.TestAppointmentStatusUpdate" name="test_endpoint_exists" time="0.074" /><testcase classname="tests.test_appointment_status.TestAppointmentStatusUpdate" name="test_invalid_status_rejected" time="0.045" /><testcase classname="tests.test_appointment_status.TestAppointmentHistory" name="test_endpoint_exists" time="0.035" /><testcase classname="tests.test_appointment_status.TestAppointmentHistory" name="test_endpoint_with_limit_param" time="0.042" /><testcase classname="tests.test_appointment_status.TestAPIServiceMethods" name="test_update_appointment_status_url_format" time="0.078" /><testcase classname="tests.test_appointment_status.TestAPIServiceMethods" name="test_get_user_appointment_history_url_format" time="0.036" /><testcase classname="tests.test_appointment_status.TestValidStatusValues" name="test_valid_statuses_list" time="0.188" /></testsuite></testsuites>