<?xml version="1.0" encoding="utf-8"?><testsuites name="pytest tests"><testsuite name="pytest" errors="0" failures="0" skipped="0" tests="21" time="2.930" timestamp="2026-03-05T10:34:26.376633+00:00" hostname="agent-env-30820ff1-4074-42a9-ac99-24ce8790c568"><testcase classname="backend.tests.test_caregiver_api.TestCaregiverPublicEndpoints" name="test_get_invite_invalid_token_returns_404" time="0.179" /><testcase classname="backend.tests.test_caregiver_api.TestCaregiverPublicEndpoints" name="test_get_invite_random_token_returns_404" time="0.105" /><testcase classname="backend.tests.test_caregiver_api.TestCaregiverAuthenticatedEndpoints" name="test_invite_without_auth_returns_401" time="0.138" /><testcase classname="backend.tests.test_caregiver_api.TestCaregiverAuthenticatedEndpoints" name="test_my_caregiver_without_auth_returns_401" time="0.106" /><testcase classname="backend.tests.test_caregiver_api.TestCaregiverAuthenticatedEndpoints" name="test_my_patient_without_auth_returns_401" time="0.148" /><testcase classname="backend.tests.test_caregiver_api.TestCaregiverAuthenticatedEndpoints" name="test_accept_invite_without_auth_returns_401" time="0.111" /><testcase classname="backend.tests.test_caregiver_api.TestCaregiverAuthenticatedEndpoints" name="test_unlink_without_auth_returns_401" time="0.136" /><testcase classname="backend.tests.test_caregiver_api.TestCaregiverAuthenticatedEndpoints" name="test_preferences_without_auth_returns_401" time="0.170" /><testcase classname="backend.tests.test_caregiver_api.TestCaregiverAuthenticatedEndpoints" name="test_patient_medications_without_auth_returns_401" time="0.107" /><testcase classname="backend.tests.test_caregiver_api.TestCaregiverAuthenticatedEndpoints" name="test_patient_adherence_without_auth_returns_401" time="0.160" /><testcase classname="backend.tests.test_caregiver_api.TestCaregiverEndpointExists" name="test_invite_endpoint_exists" time="0.093" /><testcase classname="backend.tests.test_caregiver_api.TestCaregiverEndpointExists" name="test_my_caregiver_endpoint_exists" time="0.099" /><testcase classname="backend.tests.test_caregiver_api.TestCaregiverEndpointExists" name="test_my_patient_endpoint_exists" time="0.096" /><testcase classname="backend.tests.test_caregiver_api.TestCaregiverEndpointExists" name="test_accept_endpoint_exists" time="0.104" /><testcase classname="backend.tests.test_caregiver_api.TestCaregiverEndpointExists" name="test_preferences_endpoint_exists" time="0.170" /><testcase classname="backend.tests.test_caregiver_api.TestCaregiverEndpointExists" name="test_unlink_endpoint_exists" time="0.103" /><testcase classname="backend.tests.test_caregiver_api.TestCaregiverEndpointExists" name="test_patient_medications_endpoint_exists" time="0.101" /><testcase classname="backend.tests.test_caregiver_api.TestCaregiverEndpointExists" name="test_patient_adherence_endpoint_exists" time="0.104" /><testcase classname="backend.tests.test_caregiver_api.TestCaregiverAPIResponseFormat" name="test_invite_invalid_token_response_format" time="0.105" /><testcase classname="backend.tests.test_caregiver_api.TestCaregiverAPIResponseFormat" name="test_auth_error_response_format" time="0.118" /><testcase classname="backend.tests.test_caregiver_api.TestCaregiverRouterRegistration" name="test_all_routes_respond" time="0.403" /></testsuite></testsuites>