<?xml version="1.0" encoding="utf-8"?><testsuites name="pytest tests"><testsuite name="pytest" errors="0" failures="0" skipped="0" tests="13" time="1.598" timestamp="2026-02-27T08:01:15.229883+00:00" hostname="agent-env-faa9ccef-d242-43ee-91fd-c79b4efc2ef6"><testcase classname="tests.test_checkout_api.TestCheckoutUnauthenticated" name="test_create_order_unauthenticated" time="0.151" /><testcase classname="tests.test_checkout_api.TestCheckoutUnauthenticated" name="test_verify_payment_unauthenticated" time="0.139" /><testcase classname="tests.test_checkout_api.TestCheckoutUnauthenticated" name="test_get_orders_unauthenticated" time="0.103" /><testcase classname="tests.test_checkout_api.TestCheckoutUnauthenticated" name="test_get_single_order_unauthenticated" time="0.103" /><testcase classname="tests.test_checkout_api.TestCheckoutValidation" name="test_verify_payment_missing_fields" time="0.106" /><testcase classname="tests.test_checkout_api.TestCheckoutAPIStructure" name="test_checkout_create_order_endpoint_exists" time="0.112" /><testcase classname="tests.test_checkout_api.TestCheckoutAPIStructure" name="test_checkout_verify_payment_endpoint_exists" time="0.109" /><testcase classname="tests.test_checkout_api.TestCheckoutAPIStructure" name="test_orders_endpoint_exists" time="0.133" /><testcase classname="tests.test_checkout_api.TestCheckoutAPIStructure" name="test_single_order_endpoint_exists" time="0.103" /><testcase classname="tests.test_checkout_api.TestCartAPIForCheckout" name="test_cart_endpoint_exists" time="0.098" /><testcase classname="tests.test_checkout_api.TestCartAPIForCheckout" name="test_add_to_cart_endpoint_exists" time="0.105" /><testcase classname="tests.test_checkout_api.TestProductsForCheckout" name="test_products_list_available" time="0.165" /><testcase classname="tests.test_checkout_api.TestAddressModelValidation" name="test_address_model_requires_full_name" time="0.110" /></testsuite></testsuites>