<?xml version="1.0" encoding="utf-8"?><testsuites name="pytest tests"><testsuite name="pytest" errors="0" failures="0" skipped="0" tests="27" time="2.398" timestamp="2026-04-09T11:04:31.246852+00:00" hostname="agent-env-77862ad1-34c6-417a-b2f3-f5443f5fe49f"><testcase classname="backend.tests.test_invoice_delivery.TestInvoiceAnalytics" name="test_dashboard_analytics" time="0.234" /><testcase classname="backend.tests.test_invoice_delivery.TestProductSearch" name="test_search_products" time="0.080" /><testcase classname="backend.tests.test_invoice_delivery.TestProductSearch" name="test_list_products_paginated" time="0.073" /><testcase classname="backend.tests.test_invoice_delivery.TestSellerSettings" name="test_get_seller_settings" time="0.052" /><testcase classname="backend.tests.test_invoice_delivery.TestSellerSettings" name="test_update_seller_settings" time="0.058" /><testcase classname="backend.tests.test_invoice_delivery.TestSellerSettings" name="test_get_seller_settings_public" time="0.048" /><testcase classname="backend.tests.test_invoice_delivery.TestCouponManagement" name="test_create_coupon" time="0.051" /><testcase classname="backend.tests.test_invoice_delivery.TestCouponManagement" name="test_list_coupons" time="0.048" /><testcase classname="backend.tests.test_invoice_delivery.TestCouponManagement" name="test_toggle_coupon_status" time="0.099" /><testcase classname="backend.tests.test_invoice_delivery.TestCouponManagement" name="test_validate_coupon" time="0.153" /><testcase classname="backend.tests.test_invoice_delivery.TestInvoiceCRUD" name="test_create_invoice" time="0.103" /><testcase classname="backend.tests.test_invoice_delivery.TestInvoiceCRUD" name="test_list_invoices" time="0.048" /><testcase classname="backend.tests.test_invoice_delivery.TestInvoiceCRUD" name="test_list_invoices_with_search" time="0.061" /><testcase classname="backend.tests.test_invoice_delivery.TestInvoiceCRUD" name="test_list_invoices_by_status" time="0.049" /><testcase classname="backend.tests.test_invoice_delivery.TestInvoiceCRUD" name="test_get_invoice_by_id" time="0.052" /><testcase classname="backend.tests.test_invoice_delivery.TestInvoiceCRUD" name="test_get_public_invoice" time="0.100" /><testcase classname="backend.tests.test_invoice_delivery.TestPaymentFlow" name="test_create_payment_order" time="0.104" /><testcase classname="backend.tests.test_invoice_delivery.TestPaymentFlow" name="test_verify_online_payment" time="0.193" /><testcase classname="backend.tests.test_invoice_delivery.TestDeliveryTracking" name="test_update_delivery_status" time="0.097" /><testcase classname="backend.tests.test_invoice_delivery.TestDeliveryTracking" name="test_update_tracking_status" time="0.049" /><testcase classname="backend.tests.test_invoice_delivery.TestMonitors" name="test_cod_monitor" time="0.047" /><testcase classname="backend.tests.test_invoice_delivery.TestMonitors" name="test_online_monitor" time="0.049" /><testcase classname="backend.tests.test_invoice_delivery.TestOrderManagement" name="test_get_admin_orders" time="0.048" /><testcase classname="backend.tests.test_invoice_delivery.TestCustomerSearch" name="test_search_customers" time="0.046" /><testcase classname="backend.tests.test_invoice_delivery.TestCSVExport" name="test_export_invoices_csv" time="0.053" /><testcase classname="backend.tests.test_invoice_delivery.TestCleanup" name="test_delete_test_invoices" time="0.195" /><testcase classname="backend.tests.test_invoice_delivery.TestCleanup" name="test_delete_test_coupons" time="0.096" /></testsuite></testsuites>