<?xml version="1.0" encoding="utf-8"?><testsuites name="pytest tests"><testsuite name="pytest" errors="0" failures="0" skipped="0" tests="6" time="0.479" timestamp="2026-01-11T03:54:42.983088+00:00" hostname="agent-env-56399aca-5a2f-4815-9991-212f76477f51"><testcase classname="tests.test_purchase_links.TestUserPurchaseLinksModel" name="test_model_fields_exist_in_api_response" time="0.000" /><testcase classname="tests.test_purchase_links.TestPurchaseLinksEndpoints" name="test_user_purchase_links_endpoint_exists" time="0.092" /><testcase classname="tests.test_purchase_links.TestPurchaseLinksEndpoints" name="test_prescription_manager_get_purchase_links_endpoint_exists" time="0.075" /><testcase classname="tests.test_purchase_links.TestPurchaseLinksEndpoints" name="test_prescription_manager_put_purchase_links_endpoint_exists" time="0.044" /><testcase classname="tests.test_purchase_links.TestAPIServiceMethods" name="test_api_endpoints_respond" time="0.156" /><testcase classname="tests.test_purchase_links.TestHealthCheck" name="test_backend_is_running" time="0.054" /></testsuite></testsuites>